2012-11-28 23:00:06 Error: [MissingControllerException] Controller class SimplestorageController could not be found.
#0 /home/tuko/Documentos/SimpleStorage/simplestorage/app/webroot/index.php(92): Dispatcher->dispatch(Object(CakeRequest), Object(CakeResponse))
#1 {main}
2012-11-28 23:01:07 Error: [MissingActionException] Action SimplestorageController::index() could not be found.
#0 /home/tuko/Documentos/SimpleStorage/simplestorage/lib/Cake/Routing/Dispatcher.php(186): Controller->invokeAction(Object(CakeRequest))
#1 /home/tuko/Documentos/SimpleStorage/simplestorage/lib/Cake/Routing/Dispatcher.php(161): Dispatcher->_invoke(Object(SimplestorageController), Object(CakeRequest), Object(CakeResponse))
#2 /home/tuko/Documentos/SimpleStorage/simplestorage/app/webroot/index.php(92): Dispatcher->dispatch(Object(CakeRequest), Object(CakeResponse))
#3 {main}
2012-11-28 23:01:42 Error: [MissingViewException] View file "/home/tuko/Documentos/SimpleStorage/simplestorage/app/View/Simplestorage/index.ctp" is missing.
#0 /home/tuko/Documentos/SimpleStorage/simplestorage/lib/Cake/View/View.php(473): View->_getViewFileName(NULL)
#1 /home/tuko/Documentos/SimpleStorage/simplestorage/lib/Cake/Controller/Controller.php(956): View->render(NULL, NULL)
#2 /home/tuko/Documentos/SimpleStorage/simplestorage/lib/Cake/Routing/Dispatcher.php(193): Controller->render()
#3 /home/tuko/Documentos/SimpleStorage/simplestorage/lib/Cake/Routing/Dispatcher.php(161): Dispatcher->_invoke(Object(SimplestorageController), Object(CakeRequest), Object(CakeResponse))
#4 /home/tuko/Documentos/SimpleStorage/simplestorage/app/webroot/index.php(92): Dispatcher->dispatch(Object(CakeRequest), Object(CakeResponse))
#5 {main}
2012-11-28 23:33:53 Error: [MissingViewException] View file "/home/tuko/Documentos/SimpleStorage/simplestorage/app/View/Simplestorage/material.ctp" is missing.
#0 /home/tuko/Documentos/SimpleStorage/simplestorage/lib/Cake/View/View.php(473): View->_getViewFileName(NULL)
#1 /home/tuko/Documentos/SimpleStorage/simplestorage/lib/Cake/Controller/Controller.php(956): View->render(NULL, NULL)
#2 /home/tuko/Documentos/SimpleStorage/simplestorage/lib/Cake/Routing/Dispatcher.php(193): Controller->render()
#3 /home/tuko/Documentos/SimpleStorage/simplestorage/lib/Cake/Routing/Dispatcher.php(161): Dispatcher->_invoke(Object(SimplestorageController), Object(CakeRequest), Object(CakeResponse))
#4 /home/tuko/Documentos/SimpleStorage/simplestorage/app/webroot/index.php(92): Dispatcher->dispatch(Object(CakeRequest), Object(CakeResponse))
#5 {main}
2012-11-28 23:43:23 Error: Fatal Error (1): Call to a member function find() on a non-object in [/home/tuko/Documentos/SimpleStorage/simplestorage/app/Controller/SimplestorageController.php, line 9]
2012-11-28 23:43:23 Error: [FatalErrorException] Call to a member function find() on a non-object
#0 /home/tuko/Documentos/SimpleStorage/simplestorage/lib/Cake/Error/ErrorHandler.php(161): ErrorHandler::handleFatalError(1, 'Call to a membe...', '/home/tuko/Docu...', 9)
#1 [internal function]: ErrorHandler::handleError(1, 'Call to a membe...', '/home/tuko/Docu...', 9, Array)
#2 /home/tuko/Documentos/SimpleStorage/simplestorage/lib/Cake/Core/App.php(926): call_user_func('ErrorHandler::h...', 1, 'Call to a membe...', '/home/tuko/Docu...', 9, Array)
#3 /home/tuko/Documentos/SimpleStorage/simplestorage/lib/Cake/Core/App.php(899): App::_checkFatalError()
#4 [internal function]: App::shutdown()
#5 {main}
2012-11-29 01:41:09 Error: Fatal Error (1): Call to a member function find() on a non-object in [/home/tuko/Documentos/SimpleStorage/simplestorage/app/Controller/SimplestorageController.php, line 9]
2012-11-29 01:41:09 Error: [FatalErrorException] Call to a member function find() on a non-object
#0 /home/tuko/Documentos/SimpleStorage/simplestorage/lib/Cake/Error/ErrorHandler.php(161): ErrorHandler::handleFatalError(1, 'Call to a membe...', '/home/tuko/Docu...', 9)
#1 [internal function]: ErrorHandler::handleError(1, 'Call to a membe...', '/home/tuko/Docu...', 9, Array)
#2 /home/tuko/Documentos/SimpleStorage/simplestorage/lib/Cake/Core/App.php(926): call_user_func('ErrorHandler::h...', 1, 'Call to a membe...', '/home/tuko/Docu...', 9, Array)
#3 /home/tuko/Documentos/SimpleStorage/simplestorage/lib/Cake/Core/App.php(899): App::_checkFatalError()
#4 [internal function]: App::shutdown()
#5 {main}
2012-11-29 01:41:26 Error: [MissingActionException] Action SimplestorageController::Auditoria() could not be found.
#0 /home/tuko/Documentos/SimpleStorage/simplestorage/lib/Cake/Routing/Dispatcher.php(186): Controller->invokeAction(Object(CakeRequest))
#1 /home/tuko/Documentos/SimpleStorage/simplestorage/lib/Cake/Routing/Dispatcher.php(161): Dispatcher->_invoke(Object(SimplestorageController), Object(CakeRequest), Object(CakeResponse))
#2 /home/tuko/Documentos/SimpleStorage/simplestorage/app/webroot/index.php(92): Dispatcher->dispatch(Object(CakeRequest), Object(CakeResponse))
#3 {main}
2012-11-29 01:41:34 Error: Fatal Error (1): Call to a member function find() on a non-object in [/home/tuko/Documentos/SimpleStorage/simplestorage/app/Controller/SimplestorageController.php, line 9]
2012-11-29 01:41:34 Error: [FatalErrorException] Call to a member function find() on a non-object
#0 /home/tuko/Documentos/SimpleStorage/simplestorage/lib/Cake/Error/ErrorHandler.php(161): ErrorHandler::handleFatalError(1, 'Call to a membe...', '/home/tuko/Docu...', 9)
#1 [internal function]: ErrorHandler::handleError(1, 'Call to a membe...', '/home/tuko/Docu...', 9, Array)
#2 /home/tuko/Documentos/SimpleStorage/simplestorage/lib/Cake/Core/App.php(926): call_user_func('ErrorHandler::h...', 1, 'Call to a membe...', '/home/tuko/Docu...', 9, Array)
#3 /home/tuko/Documentos/SimpleStorage/simplestorage/lib/Cake/Core/App.php(899): App::_checkFatalError()
#4 [internal function]: App::shutdown()
#5 {main}
2012-11-29 01:47:36 Error: Fatal Error (1): Call to a member function find() on a non-object in [/home/tuko/Documentos/SimpleStorage/simplestorage/app/Controller/SimplestorageController.php, line 9]
2012-11-29 01:47:36 Error: [FatalErrorException] Call to a member function find() on a non-object
#0 /home/tuko/Documentos/SimpleStorage/simplestorage/lib/Cake/Error/ErrorHandler.php(161): ErrorHandler::handleFatalError(1, 'Call to a membe...', '/home/tuko/Docu...', 9)
#1 [internal function]: ErrorHandler::handleError(1, 'Call to a membe...', '/home/tuko/Docu...', 9, Array)
#2 /home/tuko/Documentos/SimpleStorage/simplestorage/lib/Cake/Core/App.php(926): call_user_func('ErrorHandler::h...', 1, 'Call to a membe...', '/home/tuko/Docu...', 9, Array)
#3 /home/tuko/Documentos/SimpleStorage/simplestorage/lib/Cake/Core/App.php(899): App::_checkFatalError()
#4 [internal function]: App::shutdown()
#5 {main}
2012-11-29 01:47:39 Error: [MissingActionException] Action SimplestorageController::materiales() could not be found.
#0 /home/tuko/Documentos/SimpleStorage/simplestorage/lib/Cake/Routing/Dispatcher.php(186): Controller->invokeAction(Object(CakeRequest))
#1 /home/tuko/Documentos/SimpleStorage/simplestorage/lib/Cake/Routing/Dispatcher.php(161): Dispatcher->_invoke(Object(SimplestorageController), Object(CakeRequest), Object(CakeResponse))
#2 /home/tuko/Documentos/SimpleStorage/simplestorage/app/webroot/index.php(92): Dispatcher->dispatch(Object(CakeRequest), Object(CakeResponse))
#3 {main}
2012-11-29 01:47:46 Error: Fatal Error (1): Call to a member function find() on a non-object in [/home/tuko/Documentos/SimpleStorage/simplestorage/app/Controller/SimplestorageController.php, line 9]
2012-11-29 01:47:46 Error: [FatalErrorException] Call to a member function find() on a non-object
#0 /home/tuko/Documentos/SimpleStorage/simplestorage/lib/Cake/Error/ErrorHandler.php(161): ErrorHandler::handleFatalError(1, 'Call to a membe...', '/home/tuko/Docu...', 9)
#1 [internal function]: ErrorHandler::handleError(1, 'Call to a membe...', '/home/tuko/Docu...', 9, Array)
#2 /home/tuko/Documentos/SimpleStorage/simplestorage/lib/Cake/Core/App.php(926): call_user_func('ErrorHandler::h...', 1, 'Call to a membe...', '/home/tuko/Docu...', 9, Array)
#3 /home/tuko/Documentos/SimpleStorage/simplestorage/lib/Cake/Core/App.php(899): App::_checkFatalError()
#4 [internal function]: App::shutdown()
#5 {main}
2012-11-29 01:48:02 Error: Fatal Error (1): Call to a member function find() on a non-object in [/home/tuko/Documentos/SimpleStorage/simplestorage/app/Controller/SimplestorageController.php, line 9]
2012-11-29 01:48:02 Error: [FatalErrorException] Call to a member function find() on a non-object
#0 /home/tuko/Documentos/SimpleStorage/simplestorage/lib/Cake/Error/ErrorHandler.php(161): ErrorHandler::handleFatalError(1, 'Call to a membe...', '/home/tuko/Docu...', 9)
#1 [internal function]: ErrorHandler::handleError(1, 'Call to a membe...', '/home/tuko/Docu...', 9, Array)
#2 /home/tuko/Documentos/SimpleStorage/simplestorage/lib/Cake/Core/App.php(926): call_user_func('ErrorHandler::h...', 1, 'Call to a membe...', '/home/tuko/Docu...', 9, Array)
#3 /home/tuko/Documentos/SimpleStorage/simplestorage/lib/Cake/Core/App.php(899): App::_checkFatalError()
#4 [internal function]: App::shutdown()
#5 {main}
2012-11-29 01:48:05 Error: Fatal Error (1): Call to a member function find() on a non-object in [/home/tuko/Documentos/SimpleStorage/simplestorage/app/Controller/SimplestorageController.php, line 9]
2012-11-29 01:48:05 Error: [FatalErrorException] Call to a member function find() on a non-object
#0 /home/tuko/Documentos/SimpleStorage/simplestorage/lib/Cake/Error/ErrorHandler.php(161): ErrorHandler::handleFatalError(1, 'Call to a membe...', '/home/tuko/Docu...', 9)
#1 [internal function]: ErrorHandler::handleError(1, 'Call to a membe...', '/home/tuko/Docu...', 9, Array)
#2 /home/tuko/Documentos/SimpleStorage/simplestorage/lib/Cake/Core/App.php(926): call_user_func('ErrorHandler::h...', 1, 'Call to a membe...', '/home/tuko/Docu...', 9, Array)
#3 /home/tuko/Documentos/SimpleStorage/simplestorage/lib/Cake/Core/App.php(899): App::_checkFatalError()
#4 [internal function]: App::shutdown()
#5 {main}
